[Mon Sep 08 10:20:56.201425 2025] [ssl:warn] [pid 39789] AH01873: Init: Session Cache is not configured [hint: SSLSessionCache]
[Mon Sep 08 10:20:56.285666 2025] [:notice] [pid 39803] FastCGI: process manager initialized (pid 39803)
[Mon Sep 08 10:20:56.287110 2025] [mpm_prefork:notice] [pid 39789] AH00163: Apache/2.4.65 (Unix) OpenSSL/3.5.2 PHP/8.4.12 mod_fastcgi/mod_fastcgi-SNAP-0910052141 configured -- resuming normal operations
[Mon Sep 08 10:20:56.287121 2025] [core:notice] [pid 39789] AH00094: Command line: '/opt/homebrew/opt/httpd/bin/httpd -f /Users/safarislava/Documents/web/Lab1/httpd-root/httpd.conf'
[Mon Sep 08 10:22:17.472771 2025] [authz_core:error] [pid 39804] [client ::1:64600] AH01630: client denied by server configuration: /Users/safarislava/Documents/web/Lab1/static/htmlindex.php
[Mon Sep 08 10:22:17.473291 2025] [authz_core:error] [pid 39804] [client ::1:64600] AH01630: client denied by server configuration: /Users/safarislava/Documents/web/Lab1/static/htmlindex.html
[Mon Sep 08 10:22:22.433168 2025] [authz_core:error] [pid 39804] [client ::1:64600] AH01630: client denied by server configuration: /Users/safarislava/Documents/web/Lab1/static/htmlcss
[Mon Sep 08 10:22:23.510393 2025] [authz_core:error] [pid 39804] [client ::1:64600] AH01630: client denied by server configuration: /Users/safarislava/Documents/web/Lab1/static/htmlcss
[Mon Sep 08 10:22:27.246576 2025] [authz_core:error] [pid 39804] [client ::1:64600] AH01630: client denied by server configuration: /Users/safarislava/Documents/web/Lab1/static/htmlindex.php
[Mon Sep 08 10:22:27.246924 2025] [authz_core:error] [pid 39804] [client ::1:64600] AH01630: client denied by server configuration: /Users/safarislava/Documents/web/Lab1/static/htmlindex.html
[Mon Sep 08 10:22:27.929359 2025] [authz_core:error] [pid 39804] [client ::1:64600] AH01630: client denied by server configuration: /Users/safarislava/Documents/web/Lab1/static/htmlhtml
[Mon Sep 08 10:22:27.931189 2025] [authz_core:error] [pid 39805] [client ::1:64602] AH01630: client denied by server configuration: /Users/safarislava/Documents/web/Lab1/static/htmljs, referer: http://localhost:24570/html/
[Mon Sep 08 10:22:35.802743 2025] [authz_core:error] [pid 39806] [client ::1:64603] AH01630: client denied by server configuration: /Users/safarislava/Documents/web/Lab1/static/htmlindex.php
[Mon Sep 08 10:22:35.803113 2025] [authz_core:error] [pid 39806] [client ::1:64603] AH01630: client denied by server configuration: /Users/safarislava/Documents/web/Lab1/static/htmlindex.html
[Mon Sep 08 10:22:39.850749 2025] [authz_core:error] [pid 39806] [client ::1:64603] AH01630: client denied by server configuration: /Users/safarislava/Documents/web/Lab1/static/htmlindex.html
[Mon Sep 08 10:22:55.223649 2025] [mpm_prefork:notice] [pid 39789] AH00169: caught SIGTERM, shutting down
[Mon Sep 08 10:23:21.374569 2025] [ssl:warn] [pid 39906] AH01873: Init: Session Cache is not configured [hint: SSLSessionCache]
[Mon Sep 08 10:23:21.441070 2025] [:notice] [pid 39920] FastCGI: process manager initialized (pid 39920)
[Mon Sep 08 10:23:21.442334 2025] [mpm_prefork:notice] [pid 39906] AH00163: Apache/2.4.65 (Unix) OpenSSL/3.5.2 PHP/8.4.12 mod_fastcgi/mod_fastcgi-SNAP-0910052141 configured -- resuming normal operations
[Mon Sep 08 10:23:21.442348 2025] [core:notice] [pid 39906] AH00094: Command line: '/opt/homebrew/opt/httpd/bin/httpd -f /Users/safarislava/Documents/web/Lab1/httpd-root/httpd.conf'
[Mon Sep 08 10:23:43.927610 2025] [authz_core:error] [pid 39922] [client ::1:64621] AH01630: client denied by server configuration: /Users/safarislava/Documents/web/Lab1/static/index.html
[Mon Sep 08 10:23:47.863126 2025] [authz_core:error] [pid 39922] [client ::1:64621] AH01630: client denied by server configuration: /Users/safarislava/Documents/web/Lab1/static/
[Mon Sep 08 10:26:32.662628 2025] [mpm_prefork:notice] [pid 39906] AH00169: caught SIGTERM, shutting down
[Mon Sep 08 10:26:37.230540 2025] [ssl:warn] [pid 40117] AH01873: Init: Session Cache is not configured [hint: SSLSessionCache]
[Mon Sep 08 10:26:37.296210 2025] [:notice] [pid 40131] FastCGI: process manager initialized (pid 40131)
[Mon Sep 08 10:26:37.297105 2025] [mpm_prefork:notice] [pid 40117] AH00163: Apache/2.4.65 (Unix) OpenSSL/3.5.2 PHP/8.4.12 mod_fastcgi/mod_fastcgi-SNAP-0910052141 configured -- resuming normal operations
[Mon Sep 08 10:26:37.297117 2025] [core:notice] [pid 40117] AH00094: Command line: '/opt/homebrew/opt/httpd/bin/httpd -f /Users/safarislava/Documents/web/Lab1/httpd-root/httpd.conf'
[Mon Sep 08 10:28:32.385490 2025] [authz_core:error] [pid 40133] [client ::1:64808] AH01630: client denied by server configuration: /Users/safarislava/Documents/web/Lab1/static/favicon.ico, referer: http://localhost:24570/js/main.js
[Mon Sep 08 10:30:12.856056 2025] [mpm_prefork:notice] [pid 40117] AH00169: caught SIGTERM, shutting down
[Mon Sep 08 22:19:07.423164 2025] [ssl:warn] [pid 48859] AH01873: Init: Session Cache is not configured [hint: SSLSessionCache]
[Mon Sep 08 22:19:07.498890 2025] [:notice] [pid 48873] FastCGI: process manager initialized (pid 48873)
[Mon Sep 08 22:19:07.499838 2025] [mpm_prefork:notice] [pid 48859] AH00163: Apache/2.4.65 (Unix) OpenSSL/3.5.2 PHP/8.4.12 mod_fastcgi/mod_fastcgi-SNAP-0910052141 configured -- resuming normal operations
[Mon Sep 08 22:19:07.499851 2025] [core:notice] [pid 48859] AH00094: Command line: '/opt/homebrew/opt/httpd/bin/httpd -f /Users/safarislava/Documents/web/Lab1/httpd-root/httpd.conf'
[Mon Sep 08 22:19:31.812789 2025] [authz_core:error] [pid 48874] [client ::1:56872] AH01630: client denied by server configuration: /Users/safarislava/Documents/web/Lab1/static/
[Mon Sep 08 22:19:40.661333 2025] [authz_core:error] [pid 48875] [client ::1:56874] AH01630: client denied by server configuration: /Users/safarislava/Documents/web/Lab1/static/
[Mon Sep 08 22:56:43.652713 2025] [authz_core:error] [pid 48877] [client ::1:57227] AH01630: client denied by server configuration: /Users/safarislava/Documents/web/Lab1/static/
[Mon Sep 08 22:56:47.354865 2025] [authz_core:error] [pid 48878] [client ::1:57228] AH01630: client denied by server configuration: /Users/safarislava/Documents/web/Lab1/static/
[Mon Sep 08 22:59:02.776229 2025] [authz_core:error] [pid 48914] [client ::1:57248] AH01630: client denied by server configuration: /Users/safarislava/Documents/web/Lab1/static/
[Mon Sep 08 22:59:11.157856 2025] [authz_core:error] [pid 48874] [client ::1:57260] AH01630: client denied by server configuration: /Users/safarislava/Documents/web/Lab1/static/
[Mon Sep 08 23:06:59.526777 2025] [mpm_prefork:notice] [pid 48859] AH00169: caught SIGTERM, shutting down
[Tue Sep 09 00:34:05.109588 2025] [ssl:warn] [pid 3826] AH01873: Init: Session Cache is not configured [hint: SSLSessionCache]
[Tue Sep 09 00:34:05.184512 2025] [:notice] [pid 3840] FastCGI: process manager initialized (pid 3840)
[Tue Sep 09 00:34:05.185517 2025] [mpm_prefork:notice] [pid 3826] AH00163: Apache/2.4.65 (Unix) OpenSSL/3.5.2 PHP/8.4.12 mod_fastcgi/mod_fastcgi-SNAP-0910052141 configured -- resuming normal operations
[Tue Sep 09 00:34:05.185531 2025] [core:notice] [pid 3826] AH00094: Command line: '/opt/homebrew/opt/httpd/bin/httpd -f /Users/safarislava/Documents/web/Lab1/httpd_old.conf'
[Tue Sep 09 00:34:16.359139 2025] [authz_core:error] [pid 3841] [client ::1:50490] AH01630: client denied by server configuration: /Users/safarislava/Documents/web/Lab1/static/
[Tue Sep 09 00:34:20.891594 2025] [authz_core:error] [pid 3841] [client ::1:50490] AH01630: client denied by server configuration: /Users/safarislava/Documents/web/Lab1/static/
[Tue Sep 09 00:34:23.243432 2025] [authz_core:error] [pid 3841] [client ::1:50490] AH01630: client denied by server configuration: /Users/safarislava/Documents/web/Lab1/static/htmll
[Tue Sep 09 08:13:15.223200 2025] [mpm_prefork:notice] [pid 3826] AH00169: caught SIGTERM, shutting down
[Tue Sep 09 08:13:17.801686 2025] [ssl:warn] [pid 6551] AH01873: Init: Session Cache is not configured [hint: SSLSessionCache]
[Tue Sep 09 08:13:17.865123 2025] [:notice] [pid 6565] FastCGI: process manager initialized (pid 6565)
[Tue Sep 09 08:13:17.866885 2025] [mpm_prefork:notice] [pid 6551] AH00163: Apache/2.4.65 (Unix) OpenSSL/3.5.2 PHP/8.4.12 mod_fastcgi/mod_fastcgi-SNAP-0910052141 configured -- resuming normal operations
[Tue Sep 09 08:13:17.866911 2025] [core:notice] [pid 6551] AH00094: Command line: '/opt/homebrew/opt/httpd/bin/httpd -f /Users/safarislava/Documents/web/Lab1/httpd_old.conf'
[Tue Sep 09 08:15:14.134823 2025] [authz_core:error] [pid 6566] [client ::1:55356] AH01630: client denied by server configuration: /Users/safarislava/Documents/web/Lab1/static/
[Tue Sep 09 08:15:55.262812 2025] [mpm_prefork:notice] [pid 6551] AH00169: caught SIGTERM, shutting down
[Tue Sep 09 08:15:56.580102 2025] [ssl:warn] [pid 7095] AH01873: Init: Session Cache is not configured [hint: SSLSessionCache]
[Tue Sep 09 08:15:56.643712 2025] [:notice] [pid 7109] FastCGI: process manager initialized (pid 7109)
[Tue Sep 09 08:15:56.644781 2025] [mpm_prefork:notice] [pid 7095] AH00163: Apache/2.4.65 (Unix) OpenSSL/3.5.2 PHP/8.4.12 mod_fastcgi/mod_fastcgi-SNAP-0910052141 configured -- resuming normal operations
[Tue Sep 09 08:15:56.644793 2025] [core:notice] [pid 7095] AH00094: Command line: '/opt/homebrew/opt/httpd/bin/httpd -f /Users/safarislava/Documents/web/Lab1/httpd_old.conf'
[Tue Sep 09 08:16:02.454787 2025] [authz_core:error] [pid 7110] [client ::1:55373] AH01630: client denied by server configuration: /Users/safarislava/Documents/web/Lab1/static/
[Tue Sep 09 08:16:11.967549 2025] [authz_core:error] [pid 7111] [client ::1:55374] AH01630: client denied by server configuration: /Users/safarislava/Documents/web/Lab1/static/
[Tue Sep 09 08:16:25.869584 2025] [proxy_http:error] [pid 7112] (20014)Internal error (specific information not available): [client ::1:55375] AH01102: error reading status line from remote server localhost:24571, referer: http://localhost:24570/html/
[Tue Sep 09 08:16:25.870010 2025] [proxy:error] [pid 7112] [client ::1:55375] AH00898: Error reading from remote server returned by /validate, referer: http://localhost:24570/html/
[Tue Sep 09 08:18:24.484479 2025] [mpm_prefork:notice] [pid 7095] AH00169: caught SIGTERM, shutting down
[Tue Sep 09 08:18:35.612331 2025] [ssl:warn] [pid 7259] AH01873: Init: Session Cache is not configured [hint: SSLSessionCache]
[Tue Sep 09 08:18:35.687848 2025] [:notice] [pid 7273] FastCGI: process manager initialized (pid 7273)
[Tue Sep 09 08:18:35.688926 2025] [mpm_prefork:notice] [pid 7259] AH00163: Apache/2.4.65 (Unix) OpenSSL/3.5.2 PHP/8.4.12 mod_fastcgi/mod_fastcgi-SNAP-0910052141 configured -- resuming normal operations
[Tue Sep 09 08:18:35.688983 2025] [core:notice] [pid 7259] AH00094: Command line: '/opt/homebrew/opt/httpd/bin/httpd -f /Users/safarislava/Documents/web/Lab1/httpd_old.conf'
[Tue Sep 09 08:18:46.618249 2025] [proxy:error] [pid 7275] (61)Connection refused: AH00957: http: attempt to connect to 127.0.0.1:24571 (localhost:24571) failed
[Tue Sep 09 08:18:46.619092 2025] [proxy_http:error] [pid 7275] [client ::1:55400] AH01114: HTTP: failed to make connection to backend: localhost, referer: http://localhost:24570/html/
[Tue Sep 09 08:18:56.862325 2025] [authz_core:error] [pid 7276] [client ::1:55403] AH01630: client denied by server configuration: /Users/safarislava/Documents/web/Lab1/static/
[Tue Sep 09 08:18:56.939885 2025] [authz_core:error] [pid 7277] [client ::1:55404] AH01630: client denied by server configuration: /Users/safarislava/Documents/web/Lab1/static/apple-touch-icon-precomposed.png
[Tue Sep 09 08:18:57.028265 2025] [authz_core:error] [pid 7277] [client ::1:55404] AH01630: client denied by server configuration: /Users/safarislava/Documents/web/Lab1/static/apple-touch-icon.png
[Tue Sep 09 08:19:08.491847 2025] [proxy:error] [pid 7278] (61)Connection refused: AH00957: http: attempt to connect to 127.0.0.1:24571 (localhost:24571) failed
[Tue Sep 09 08:19:08.492603 2025] [proxy_http:error] [pid 7278] [client ::1:55409] AH01114: HTTP: failed to make connection to backend: localhost
[Tue Sep 09 08:19:40.598833 2025] [proxy_http:error] [pid 7279] (20014)Internal error (specific information not available): [client ::1:55417] AH01102: error reading status line from remote server localhost:24571
[Tue Sep 09 08:19:40.600745 2025] [proxy:error] [pid 7279] [client ::1:55417] AH00898: Error reading from remote server returned by /validate
[Tue Sep 09 08:22:34.247471 2025] [proxy_http:error] [pid 7274] (20014)Internal error (specific information not available): [client ::1:55436] AH01102: error reading status line from remote server localhost:24571
[Tue Sep 09 08:22:34.248349 2025] [proxy:error] [pid 7274] [client ::1:55436] AH00898: Error reading from remote server returned by /validate
[Tue Sep 09 08:23:01.230036 2025] [proxy_http:error] [pid 7275] (20014)Internal error (specific information not available): [client ::1:55440] AH01102: error reading status line from remote server localhost:24571
[Tue Sep 09 08:23:01.230785 2025] [proxy:error] [pid 7275] [client ::1:55440] AH00898: Error reading from remote server returned by /validate
[Tue Sep 09 08:23:55.888324 2025] [proxy_http:error] [pid 7283] (20014)Internal error (specific information not available): [client ::1:55452] AH01102: error reading status line from remote server localhost:24571
[Tue Sep 09 08:23:55.888879 2025] [proxy:error] [pid 7283] [client ::1:55452] AH00898: Error reading from remote server returned by /validate
[Tue Sep 09 08:23:56.664442 2025] [proxy:error] [pid 7283] (61)Connection refused: AH00957: http: attempt to connect to 127.0.0.1:24571 (localhost:24571) failed
[Tue Sep 09 08:23:56.665568 2025] [proxy_http:error] [pid 7283] [client ::1:55452] AH01114: HTTP: failed to make connection to backend: localhost
[Tue Sep 09 10:40:41.417717 2025] [mpm_prefork:notice] [pid 7259] AH00169: caught SIGTERM, shutting down
[Tue Sep 09 10:40:43.264850 2025] [ssl:warn] [pid 9905] AH01873: Init: Session Cache is not configured [hint: SSLSessionCache]
[Tue Sep 09 10:40:43.330075 2025] [:notice] [pid 9919] FastCGI: process manager initialized (pid 9919)
[Tue Sep 09 10:40:43.331008 2025] [mpm_prefork:notice] [pid 9905] AH00163: Apache/2.4.65 (Unix) OpenSSL/3.5.2 PHP/8.4.12 mod_fastcgi/mod_fastcgi-SNAP-0910052141 configured -- resuming normal operations
[Tue Sep 09 10:40:43.331027 2025] [core:notice] [pid 9905] AH00094: Command line: '/opt/homebrew/opt/httpd/bin/httpd -f /Users/safarislava/Documents/web/Lab1/httpd_old.conf'
[Tue Sep 09 10:40:55.849747 2025] [authz_core:error] [pid 9920] [client ::1:49258] AH01630: client denied by server configuration: /Users/safarislava/Documents/web/Lab1/static/
[Tue Sep 09 10:41:16.208506 2025] [proxy:warn] [pid 9922] [client ::1:49314] AH01144: No protocol handler was valid for the URL /validate (scheme 'fsgi'). If you are using a DSO version of mod_proxy, make sure the proxy submodules are included in the configuration using LoadModule.
[Tue Sep 09 10:43:37.986957 2025] [mpm_prefork:notice] [pid 9905] AH00169: caught SIGTERM, shutting down
[Tue Sep 09 12:24:12.424992 2025] [ssl:warn] [pid 10629] AH01873: Init: Session Cache is not configured [hint: SSLSessionCache]
[Tue Sep 09 12:24:12.501547 2025] [:notice] [pid 10643] FastCGI: process manager initialized (pid 10643)
[Tue Sep 09 12:24:12.502917 2025] [mpm_prefork:notice] [pid 10629] AH00163: Apache/2.4.65 (Unix) OpenSSL/3.5.2 PHP/8.4.12 mod_fastcgi/mod_fastcgi-SNAP-0910052141 configured -- resuming normal operations
[Tue Sep 09 12:24:12.502942 2025] [core:notice] [pid 10629] AH00094: Command line: '/opt/homebrew/opt/httpd/bin/httpd -f /Users/safarislava/Documents/web/Lab1/httpd_old.conf'
[Tue Sep 09 12:24:22.393920 2025] [authz_core:error] [pid 10644] [client ::1:51201] AH01630: client denied by server configuration: /Users/safarislava/Documents/web/Lab1/static/
[Tue Sep 09 12:24:31.211757 2025] [authz_core:error] [pid 10646] [client ::1:51202] AH01630: client denied by server configuration: /Users/safarislava/Documents/web/Lab1/static/
[Tue Sep 09 12:24:33.095254 2025] [authz_core:error] [pid 10646] [client ::1:51202] AH01630: client denied by server configuration: /Users/safarislava/Documents/web/Lab1/static/html
[Tue Sep 09 12:24:36.371899 2025] [authz_core:error] [pid 10646] [client ::1:51202] AH01630: client denied by server configuration: /Users/safarislava/Documents/web/Lab1/static/
[Tue Sep 09 12:24:39.390532 2025] [authz_core:error] [pid 10646] [client ::1:51202] AH01630: client denied by server configuration: /Users/safarislava/Documents/web/Lab1/static/index.html
[Tue Sep 09 12:25:13.912435 2025] [mpm_prefork:notice] [pid 10629] AH00169: caught SIGTERM, shutting down
[Tue Sep 09 12:25:15.374128 2025] [ssl:warn] [pid 10736] AH01873: Init: Session Cache is not configured [hint: SSLSessionCache]
[Tue Sep 09 12:25:15.422154 2025] [:notice] [pid 10750] FastCGI: process manager initialized (pid 10750)
[Tue Sep 09 12:25:15.423041 2025] [mpm_prefork:notice] [pid 10736] AH00163: Apache/2.4.65 (Unix) OpenSSL/3.5.2 PHP/8.4.12 mod_fastcgi/mod_fastcgi-SNAP-0910052141 configured -- resuming normal operations
[Tue Sep 09 12:25:15.423056 2025] [core:notice] [pid 10736] AH00094: Command line: '/opt/homebrew/opt/httpd/bin/httpd -f /Users/safarislava/Documents/web/Lab1/httpd_old.conf'
[Tue Sep 09 12:26:23.327417 2025] [mpm_prefork:notice] [pid 10736] AH00169: caught SIGTERM, shutting down
[Tue Sep 09 12:26:24.768072 2025] [ssl:warn] [pid 10849] AH01873: Init: Session Cache is not configured [hint: SSLSessionCache]
[Tue Sep 09 12:26:24.814879 2025] [:notice] [pid 10863] FastCGI: process manager initialized (pid 10863)
[Tue Sep 09 12:26:24.816803 2025] [mpm_prefork:notice] [pid 10849] AH00163: Apache/2.4.65 (Unix) OpenSSL/3.5.2 PHP/8.4.12 mod_fastcgi/mod_fastcgi-SNAP-0910052141 configured -- resuming normal operations
[Tue Sep 09 12:26:24.816922 2025] [core:notice] [pid 10849] AH00094: Command line: '/opt/homebrew/opt/httpd/bin/httpd -f /Users/safarislava/Documents/web/Lab1/httpd_old.conf'
[Tue Sep 09 12:27:47.727441 2025] [mpm_prefork:notice] [pid 10849] AH00169: caught SIGTERM, shutting down
[Tue Sep 09 12:27:48.890077 2025] [ssl:warn] [pid 10949] AH01873: Init: Session Cache is not configured [hint: SSLSessionCache]
[Tue Sep 09 12:27:48.937073 2025] [:notice] [pid 10963] FastCGI: process manager initialized (pid 10963)
[Tue Sep 09 12:27:48.938178 2025] [mpm_prefork:notice] [pid 10949] AH00163: Apache/2.4.65 (Unix) OpenSSL/3.5.2 PHP/8.4.12 mod_fastcgi/mod_fastcgi-SNAP-0910052141 configured -- resuming normal operations
[Tue Sep 09 12:27:48.938195 2025] [core:notice] [pid 10949] AH00094: Command line: '/opt/homebrew/opt/httpd/bin/httpd -f /Users/safarislava/Documents/web/Lab1/httpd_old.conf'
[Tue Sep 09 12:28:21.642580 2025] [mpm_prefork:notice] [pid 10949] AH00169: caught SIGTERM, shutting down
[Tue Sep 09 12:28:25.651255 2025] [ssl:warn] [pid 11051] AH01873: Init: Session Cache is not configured [hint: SSLSessionCache]
[Tue Sep 09 12:28:25.698383 2025] [:notice] [pid 11065] FastCGI: process manager initialized (pid 11065)
[Tue Sep 09 12:28:25.699211 2025] [mpm_prefork:notice] [pid 11051] AH00163: Apache/2.4.65 (Unix) OpenSSL/3.5.2 PHP/8.4.12 mod_fastcgi/mod_fastcgi-SNAP-0910052141 configured -- resuming normal operations
[Tue Sep 09 12:28:25.699224 2025] [core:notice] [pid 11051] AH00094: Command line: '/opt/homebrew/opt/httpd/bin/httpd -f /Users/safarislava/Documents/web/Lab1/httpd_old.conf'
[Tue Sep 09 12:29:30.940056 2025] [proxy_fcgi:error] [pid 11067] [client ::1:51325] AH01071: Got error 'Connected\n', referer: http://localhost:24570/
[Tue Sep 09 12:30:42.908739 2025] [proxy_fcgi:error] [pid 11068] [client ::1:51334] AH01071: Got error 'Connected\n', referer: http://localhost:24570/
[Tue Sep 09 13:04:18.775744 2025] [proxy:error] [pid 11069] (61)Connection refused: AH00957: FCGI: attempt to connect to 127.0.0.1:24571 (localhost:24571) failed
[Tue Sep 09 13:04:18.776745 2025] [proxy_fcgi:error] [pid 11069] [client ::1:52580] AH01079: failed to make connection to backend: localhost, referer: http://localhost:24570/
[Tue Sep 09 13:29:23.308596 2025] [proxy:error] [pid 11067] (61)Connection refused: AH00957: FCGI: attempt to connect to 127.0.0.1:24571 (localhost:24571) failed
[Tue Sep 09 13:29:23.311539 2025] [proxy_fcgi:error] [pid 11067] [client ::1:53666] AH01079: failed to make connection to backend: localhost, referer: http://localhost:24570/
[Tue Sep 09 13:39:12.549005 2025] [mpm_prefork:notice] [pid 11051] AH00169: caught SIGTERM, shutting down
[Tue Sep 09 15:20:17.216298 2025] [ssl:warn] [pid 13277] AH01873: Init: Session Cache is not configured [hint: SSLSessionCache]
[Tue Sep 09 15:20:17.286010 2025] [:notice] [pid 13291] FastCGI: process manager initialized (pid 13291)
[Tue Sep 09 15:20:17.286943 2025] [mpm_prefork:notice] [pid 13277] AH00163: Apache/2.4.65 (Unix) OpenSSL/3.5.2 PHP/8.4.12 mod_fastcgi/mod_fastcgi-SNAP-0910052141 configured -- resuming normal operations
[Tue Sep 09 15:20:17.286955 2025] [core:notice] [pid 13277] AH00094: Command line: '/opt/homebrew/opt/httpd/bin/httpd -f /Users/safarislava/Documents/web/Lab1/httpd_old.conf'
[Tue Sep 09 19:31:13.240636 2025] [mpm_prefork:notice] [pid 13277] AH00169: caught SIGTERM, shutting down
[Tue Sep 09 19:31:14.617556 2025] [ssl:warn] [pid 13628] AH01873: Init: Session Cache is not configured [hint: SSLSessionCache]
[Tue Sep 09 19:31:14.676478 2025] [:notice] [pid 13642] FastCGI: process manager initialized (pid 13642)
[Tue Sep 09 19:31:14.677486 2025] [mpm_prefork:notice] [pid 13628] AH00163: Apache/2.4.65 (Unix) OpenSSL/3.5.2 PHP/8.4.12 mod_fastcgi/mod_fastcgi-SNAP-0910052141 configured -- resuming normal operations
[Tue Sep 09 19:31:14.677499 2025] [core:notice] [pid 13628] AH00094: Command line: '/opt/homebrew/opt/httpd/bin/httpd -f /Users/safarislava/Documents/web/Lab1/httpd_old.conf'
[Tue Sep 09 20:36:09.501925 2025] [mpm_prefork:notice] [pid 13628] AH00169: caught SIGTERM, shutting down
[Tue Sep 09 20:36:11.441842 2025] [ssl:warn] [pid 14378] AH01873: Init: Session Cache is not configured [hint: SSLSessionCache]
[Tue Sep 09 20:36:11.503570 2025] [:notice] [pid 14392] FastCGI: process manager initialized (pid 14392)
[Tue Sep 09 20:36:11.504554 2025] [mpm_prefork:notice] [pid 14378] AH00163: Apache/2.4.65 (Unix) OpenSSL/3.5.2 PHP/8.4.12 mod_fastcgi/mod_fastcgi-SNAP-0910052141 configured -- resuming normal operations
[Tue Sep 09 20:36:11.504587 2025] [core:notice] [pid 14378] AH00094: Command line: '/opt/homebrew/opt/httpd/bin/httpd -f /Users/safarislava/Documents/web/Lab1/httpd_old.conf'
[Tue Sep 09 20:50:54.267698 2025] [mpm_prefork:notice] [pid 14378] AH00169: caught SIGTERM, shutting down
[Tue Sep 09 21:20:06.749427 2025] [ssl:warn] [pid 14895] AH01873: Init: Session Cache is not configured [hint: SSLSessionCache]
[Tue Sep 09 21:20:06.825164 2025] [:notice] [pid 14909] FastCGI: process manager initialized (pid 14909)
[Tue Sep 09 21:20:06.826929 2025] [mpm_prefork:notice] [pid 14895] AH00163: Apache/2.4.65 (Unix) OpenSSL/3.5.2 PHP/8.4.12 mod_fastcgi/mod_fastcgi-SNAP-0910052141 configured -- resuming normal operations
[Tue Sep 09 21:20:06.826957 2025] [core:notice] [pid 14895] AH00094: Command line: '/opt/homebrew/opt/httpd/bin/httpd -f /Users/safarislava/Documents/web/Lab1/httpd.conf'
[Tue Sep 09 21:25:15.068971 2025] [mpm_prefork:notice] [pid 14895] AH00169: caught SIGTERM, shutting down
[Tue Sep 09 21:25:16.543109 2025] [ssl:warn] [pid 15202] AH01873: Init: Session Cache is not configured [hint: SSLSessionCache]
[Tue Sep 09 21:25:16.601743 2025] [:notice] [pid 15216] FastCGI: process manager initialized (pid 15216)
[Tue Sep 09 21:25:16.602616 2025] [mpm_prefork:notice] [pid 15202] AH00163: Apache/2.4.65 (Unix) OpenSSL/3.5.2 PHP/8.4.12 mod_fastcgi/mod_fastcgi-SNAP-0910052141 configured -- resuming normal operations
[Tue Sep 09 21:25:16.602629 2025] [core:notice] [pid 15202] AH00094: Command line: '/opt/homebrew/opt/httpd/bin/httpd -f /Users/safarislava/Documents/web/Lab1/httpd.conf'
[Tue Sep 09 22:37:11.588967 2025] [proxy:error] [pid 15278] (61)Connection refused: AH00957: FCGI: attempt to connect to 127.0.0.1:24571 (localhost:24571) failed
[Tue Sep 09 22:37:11.590844 2025] [proxy_fcgi:error] [pid 15278] [client ::1:51786] AH01079: failed to make connection to backend: localhost, referer: http://localhost:24570/
[Tue Sep 09 22:37:13.734988 2025] [proxy:error] [pid 15219] (61)Connection refused: AH00957: FCGI: attempt to connect to 127.0.0.1:24571 (localhost:24571) failed
[Tue Sep 09 22:37:13.736042 2025] [proxy_fcgi:error] [pid 15219] [client ::1:51789] AH01079: failed to make connection to backend: localhost, referer: http://localhost:24570/
[Tue Sep 09 23:23:40.424366 2025] [proxy:error] [pid 15278] (61)Connection refused: AH00957: FCGI: attempt to connect to 127.0.0.1:24571 (localhost:24571) failed
[Tue Sep 09 23:23:40.425414 2025] [proxy_fcgi:error] [pid 15278] [client ::1:53187] AH01079: failed to make connection to backend: localhost, referer: http://localhost:24570/
[Tue Sep 09 23:39:20.085631 2025] [proxy:error] [pid 15217] (61)Connection refused: AH00957: FCGI: attempt to connect to 127.0.0.1:24571 (localhost:24571) failed
[Tue Sep 09 23:39:20.087150 2025] [proxy_fcgi:error] [pid 15217] [client ::1:53520] AH01079: failed to make connection to backend: localhost, referer: http://localhost:24570/
[Tue Sep 09 23:41:45.933082 2025] [proxy:error] [pid 15217] (61)Connection refused: AH00957: FCGI: attempt to connect to 127.0.0.1:24571 (localhost:24571) failed
[Tue Sep 09 23:41:45.935071 2025] [proxy_fcgi:error] [pid 15217] [client ::1:53572] AH01079: failed to make connection to backend: localhost, referer: http://localhost:24570/
[Wed Sep 10 11:46:22.620341 2025] [mpm_prefork:notice] [pid 15202] AH00169: caught SIGTERM, shutting down
[Wed Sep 10 14:59:12.780417 2025] [ssl:warn] [pid 33406] AH01873: Init: Session Cache is not configured [hint: SSLSessionCache]
[Wed Sep 10 14:59:12.855310 2025] [:notice] [pid 33420] FastCGI: process manager initialized (pid 33420)
[Wed Sep 10 14:59:12.856296 2025] [mpm_prefork:notice] [pid 33406] AH00163: Apache/2.4.65 (Unix) OpenSSL/3.5.2 PHP/8.4.12 mod_fastcgi/mod_fastcgi-SNAP-0910052141 configured -- resuming normal operations
[Wed Sep 10 14:59:12.856313 2025] [core:notice] [pid 33406] AH00094: Command line: '/opt/homebrew/opt/httpd/bin/httpd -f /Users/safarislava/Documents/web/Lab1/httpd.conf'
[Wed Sep 10 14:59:43.845806 2025] [proxy:error] [pid 33424] (61)Connection refused: AH00957: FCGI: attempt to connect to 127.0.0.1:24571 (localhost:24571) failed
[Wed Sep 10 14:59:43.847183 2025] [proxy_fcgi:error] [pid 33424] [client ::1:52494] AH01079: failed to make connection to backend: localhost, referer: http://localhost:24570/
[Thu Sep 11 19:11:03.913297 2025] [proxy:error] [pid 33422] (61)Connection refused: AH00957: FCGI: attempt to connect to 127.0.0.1:24571 (localhost:24571) failed
[Thu Sep 11 19:11:03.914848 2025] [proxy_fcgi:error] [pid 33422] [client ::1:52339] AH01079: failed to make connection to backend: localhost, referer: http://localhost:24570/
[Thu Sep 11 19:14:16.774437 2025] [proxy:error] [pid 33425] (61)Connection refused: AH00957: FCGI: attempt to connect to 127.0.0.1:24571 (localhost:24571) failed
[Thu Sep 11 19:14:16.775508 2025] [proxy_fcgi:error] [pid 33425] [client ::1:52365] AH01079: failed to make connection to backend: localhost, referer: http://localhost:24570/
[Thu Sep 11 19:14:17.606873 2025] [proxy:error] [pid 33431] (61)Connection refused: AH00957: FCGI: attempt to connect to 127.0.0.1:24571 (localhost:24571) failed
[Thu Sep 11 19:14:17.608348 2025] [proxy_fcgi:error] [pid 33431] [client ::1:52368] AH01079: failed to make connection to backend: localhost, referer: http://localhost:24570/
[Thu Sep 11 19:14:17.807297 2025] [proxy:error] [pid 33434] (61)Connection refused: AH00957: FCGI: attempt to connect to 127.0.0.1:24571 (localhost:24571) failed
[Thu Sep 11 19:14:17.808580 2025] [proxy_fcgi:error] [pid 33434] [client ::1:52371] AH01079: failed to make connection to backend: localhost, referer: http://localhost:24570/
[Thu Sep 11 19:16:24.793666 2025] [mpm_prefork:notice] [pid 33406] AH00169: caught SIGTERM, shutting down
[Thu Sep 11 19:52:40.713168 2025] [ssl:warn] [pid 42635] AH01873: Init: Session Cache is not configured [hint: SSLSessionCache]
[Thu Sep 11 19:52:40.794115 2025] [:notice] [pid 42649] FastCGI: process manager initialized (pid 42649)
[Thu Sep 11 19:52:40.795022 2025] [mpm_prefork:notice] [pid 42635] AH00163: Apache/2.4.65 (Unix) OpenSSL/3.5.2 PHP/8.4.12 mod_fastcgi/mod_fastcgi-SNAP-0910052141 configured -- resuming normal operations
[Thu Sep 11 19:52:40.795051 2025] [core:notice] [pid 42635] AH00094: Command line: '/opt/homebrew/opt/httpd/bin/httpd -f /Users/safarislava/Documents/web/Lab1/httpd.conf'
[Thu Sep 11 19:52:58.915908 2025] [proxy:error] [pid 42650] (61)Connection refused: AH00957: FCGI: attempt to connect to 127.0.0.1:24571 (localhost:24571) failed
[Thu Sep 11 19:52:58.916665 2025] [proxy_fcgi:error] [pid 42650] [client ::1:52749] AH01079: failed to make connection to backend: localhost, referer: http://localhost:24570/
[Thu Sep 11 19:53:00.928778 2025] [proxy:error] [pid 42651] (61)Connection refused: AH00957: FCGI: attempt to connect to 127.0.0.1:24571 (localhost:24571) failed
[Thu Sep 11 19:53:00.929423 2025] [proxy_fcgi:error] [pid 42651] [client ::1:52752] AH01079: failed to make connection to backend: localhost, referer: http://localhost:24570/
[Thu Sep 11 19:55:00.920022 2025] [mpm_prefork:notice] [pid 42635] AH00169: caught SIGTERM, shutting down
[Fri Sep 12 13:45:25.528128 2025] [ssl:warn] [pid 49841] AH01873: Init: Session Cache is not configured [hint: SSLSessionCache]
[Fri Sep 12 13:45:25.596502 2025] [:notice] [pid 49855] FastCGI: process manager initialized (pid 49855)
[Fri Sep 12 13:45:25.597508 2025] [mpm_prefork:notice] [pid 49841] AH00163: Apache/2.4.65 (Unix) OpenSSL/3.5.2 PHP/8.4.12 mod_fastcgi/mod_fastcgi-SNAP-0910052141 configured -- resuming normal operations
[Fri Sep 12 13:45:25.597522 2025] [core:notice] [pid 49841] AH00094: Command line: '/opt/homebrew/opt/httpd/bin/httpd -f /Users/safarislava/Documents/web/Lab1/httpd.conf'
[Fri Sep 12 13:52:55.119504 2025] [proxy:error] [pid 49879] (61)Connection refused: AH00957: FCGI: attempt to connect to 127.0.0.1:24571 (localhost:24571) failed
[Fri Sep 12 13:52:55.121188 2025] [proxy_fcgi:error] [pid 49879] [client ::1:60058] AH01079: failed to make connection to backend: localhost, referer: http://localhost:24570/
[Fri Sep 12 13:54:36.218546 2025] [mpm_prefork:notice] [pid 49841] AH00169: caught SIGTERM, shutting down
[Fri Sep 12 13:54:37.877164 2025] [ssl:warn] [pid 50102] AH01873: Init: Session Cache is not configured [hint: SSLSessionCache]
[Fri Sep 12 13:54:37.938984 2025] [:notice] [pid 50116] FastCGI: process manager initialized (pid 50116)
[Fri Sep 12 13:54:37.939904 2025] [mpm_prefork:notice] [pid 50102] AH00163: Apache/2.4.65 (Unix) OpenSSL/3.5.2 PHP/8.4.12 mod_fastcgi/mod_fastcgi-SNAP-0910052141 configured -- resuming normal operations
[Fri Sep 12 13:54:37.939922 2025] [core:notice] [pid 50102] AH00094: Command line: '/opt/homebrew/opt/httpd/bin/httpd -f /Users/safarislava/Documents/web/Lab1/httpd.conf'
[Fri Sep 12 13:57:47.351977 2025] [proxy_fcgi:error] [pid 50121] (70007)The timeout specified has expired: [client ::1:60096] AH01075: Error dispatching request to :24570: (polling), referer: http://localhost:24570/
[Fri Sep 12 14:01:47.165453 2025] [proxy_fcgi:error] [pid 50119] (70007)The timeout specified has expired: [client ::1:60130] AH01075: Error dispatching request to :24570: (polling), referer: http://localhost:24570/
[Fri Sep 12 14:03:29.437138 2025] [proxy_fcgi:error] [pid 50120] [client ::1:60153] AH01067: Failed to read FastCGI header, referer: http://localhost:24570/
[Fri Sep 12 14:03:29.438511 2025] [proxy_fcgi:error] [pid 50120] (70014)End of file found: [client ::1:60153] AH01075: Error dispatching request to :24570: , referer: http://localhost:24570/
[Fri Sep 12 14:04:09.399061 2025] [proxy_fcgi:error] [pid 50121] [client ::1:60160] AH01067: Failed to read FastCGI header, referer: http://localhost:24570/
[Fri Sep 12 14:04:09.401578 2025] [proxy_fcgi:error] [pid 50121] (70014)End of file found: [client ::1:60160] AH01075: Error dispatching request to :24570: , referer: http://localhost:24570/
[Fri Sep 12 14:08:24.043399 2025] [proxy_fcgi:error] [pid 50117] [client ::1:60274] AH01067: Failed to read FastCGI header, referer: http://localhost:24570/
[Fri Sep 12 14:08:24.044388 2025] [proxy_fcgi:error] [pid 50117] (70014)End of file found: [client ::1:60274] AH01075: Error dispatching request to :24570: , referer: http://localhost:24570/
[Fri Sep 12 14:09:07.748915 2025] [proxy_fcgi:error] [pid 50119] [client ::1:60309] AH01067: Failed to read FastCGI header, referer: http://localhost:24570/
[Fri Sep 12 14:09:07.750244 2025] [proxy_fcgi:error] [pid 50119] (70014)End of file found: [client ::1:60309] AH01075: Error dispatching request to :24570: , referer: http://localhost:24570/
[Fri Sep 12 14:09:28.487276 2025] [proxy:error] [pid 50120] (61)Connection refused: AH00957: FCGI: attempt to connect to 127.0.0.1:24571 (localhost:24571) failed
[Fri Sep 12 14:09:28.489547 2025] [proxy_fcgi:error] [pid 50120] [client ::1:60311] AH01079: failed to make connection to backend: localhost, referer: http://localhost:24570/
[Fri Sep 12 14:09:33.707413 2025] [proxy:error] [pid 50121] (61)Connection refused: AH00957: FCGI: attempt to connect to 127.0.0.1:24571 (localhost:24571) failed
[Fri Sep 12 14:09:33.708868 2025] [proxy_fcgi:error] [pid 50121] [client ::1:60314] AH01079: failed to make connection to backend: localhost, referer: http://localhost:24570/
[Fri Sep 12 14:09:34.474718 2025] [proxy:error] [pid 50122] (61)Connection refused: AH00957: FCGI: attempt to connect to 127.0.0.1:24571 (localhost:24571) failed
[Fri Sep 12 14:09:34.476942 2025] [proxy_fcgi:error] [pid 50122] [client ::1:60317] AH01079: failed to make connection to backend: localhost, referer: http://localhost:24570/
[Fri Sep 12 14:20:15.908536 2025] [proxy:error] [pid 50117] (61)Connection refused: AH00957: FCGI: attempt to connect to 127.0.0.1:24571 (localhost:24571) failed
[Fri Sep 12 14:20:15.910120 2025] [proxy_fcgi:error] [pid 50117] [client ::1:60545] AH01079: failed to make connection to backend: localhost, referer: http://localhost:24570/
[Fri Sep 12 14:20:16.823085 2025] [proxy:error] [pid 50118] (61)Connection refused: AH00957: FCGI: attempt to connect to 127.0.0.1:24571 (localhost:24571) failed
[Fri Sep 12 14:20:16.824488 2025] [proxy_fcgi:error] [pid 50118] [client ::1:60548] AH01079: failed to make connection to backend: localhost, referer: http://localhost:24570/
[Fri Sep 12 17:06:10.189709 2025] [proxy_fcgi:error] [pid 50121] [client ::1:63302] AH01071: Got error '{\n   "type": "https://example.com/probs/out-of-credit",\n   "title": "You do not have enough credit.",\n   "detail": "Your current balance is 30, but that costs 50.",\n   "instance": "/account/12345/msgs/abc",\n   "balance": 30,\n   "accounts": ["/account/12345", "/account/67890"]\n}\n', referer: http://localhost:24570/
[Fri Sep 12 17:06:58.601385 2025] [proxy_fcgi:error] [pid 50553] [client ::1:63546] AH01071: Got error '{\n   "type": "https://example.com/probs/out-of-credit",\n   "title": "You do not have enough credit.",\n   "detail": "Your current balance is 30, but that costs 50.",\n   "instance": "/account/12345/msgs/abc",\n   "balance": 30,\n   "accounts": ["/account/12345", "/account/67890"]\n}\n', referer: http://localhost:24570/
[Fri Sep 12 17:07:40.028812 2025] [proxy_fcgi:error] [pid 50122] [client ::1:63730] AH01071: Got error '{\n   "type": "https://example.com/probs/out-of-credit",\n   "title": "You do not have enough credit.",\n   "detail": "Your current balance is 30, but that costs 50.",\n   "instance": "/account/12345/msgs/abc",\n   "balance": 30,\n   "accounts": ["/account/12345", "/account/67890"]\n}\n', referer: http://localhost:24570/
[Fri Sep 12 17:09:31.153882 2025] [proxy_fcgi:error] [pid 50120] [client ::1:64194] AH01071: Got error '{\n   "type": "https://example.com/probs/out-of-credit",\n   "title": "You do not have enough credit.",\n   "detail": "Your current balance is 30, but that costs 50.",\n   "instance": "/account/12345/msgs/abc",\n   "balance": 30,\n   "accounts": ["/account/12345", "/account/67890"]\n}\n', referer: http://localhost:24570/
[Fri Sep 12 17:11:28.534009 2025] [proxy_fcgi:error] [pid 52335] [client ::1:64659] AH01071: Got error '{\n   "type": "https://example.com/probs/out-of-credit",\n   "title": "You do not have enough credit.",\n   "detail": "Your current balance is 30, but that costs 50.",\n   "instance": "/account/12345/msgs/abc",\n   "balance": 30,\n   "accounts": ["/account/12345", "/account/67890"]\n}\n', referer: http://localhost:24570/
[Fri Sep 12 17:12:25.461950 2025] [proxy_fcgi:error] [pid 50122] [client ::1:64906] AH01071: Got error '{\n   "type": "https://example.com/probs/out-of-credit",\n   "title": "You do not have enough credit.",\n   "detail": "Your current balance is 30, but that costs 50.",\n   "instance": "/account/12345/msgs/abc",\n   "balance": 30,\n   "accounts": ["/account/12345", "/account/67890"]\n}\n', referer: http://localhost:24570/
[Sat Sep 13 00:41:47.532231 2025] [mpm_prefork:notice] [pid 50102] AH00169: caught SIGTERM, shutting down
[Sat Sep 13 09:30:41.049161 2025] [ssl:warn] [pid 59112] AH01873: Init: Session Cache is not configured [hint: SSLSessionCache]
[Sat Sep 13 09:30:41.137655 2025] [:notice] [pid 59126] FastCGI: process manager initialized (pid 59126)
[Sat Sep 13 09:30:41.138764 2025] [mpm_prefork:notice] [pid 59112] AH00163: Apache/2.4.65 (Unix) OpenSSL/3.5.2 PHP/8.4.12 mod_fastcgi/mod_fastcgi-SNAP-0910052141 configured -- resuming normal operations
[Sat Sep 13 09:30:41.138781 2025] [core:notice] [pid 59112] AH00094: Command line: '/opt/homebrew/opt/httpd/bin/httpd -f /Users/safarislava/Documents/web/Lab1/httpd.conf'
[Sat Sep 13 09:30:48.635739 2025] [proxy_fcgi:error] [pid 59128] [client ::1:53518] AH01067: Failed to read FastCGI header, referer: http://localhost:24570/
[Sat Sep 13 09:30:48.635989 2025] [proxy_fcgi:error] [pid 59128] (70014)End of file found: [client ::1:53518] AH01075: Error dispatching request to :24570: , referer: http://localhost:24570/
[Sat Sep 13 09:31:15.796709 2025] [proxy_fcgi:error] [pid 59135] [client ::1:53530] AH01067: Failed to read FastCGI header, referer: http://localhost:24570/
[Sat Sep 13 09:31:15.797286 2025] [proxy_fcgi:error] [pid 59135] (70014)End of file found: [client ::1:53530] AH01075: Error dispatching request to :24570: , referer: http://localhost:24570/
[Sat Sep 13 09:33:49.759027 2025] [proxy_fcgi:error] [pid 59137] [client ::1:53555] AH01067: Failed to read FastCGI header, referer: http://localhost:24570/
[Sat Sep 13 09:33:49.760064 2025] [proxy_fcgi:error] [pid 59137] (70014)End of file found: [client ::1:53555] AH01075: Error dispatching request to :24570: , referer: http://localhost:24570/
[Sat Sep 13 14:19:06.531323 2025] [mpm_prefork:notice] [pid 59112] AH00169: caught SIGTERM, shutting down
[Fri Sep 19 11:41:29.421821 2025] [ssl:warn] [pid 98410] AH01873: Init: Session Cache is not configured [hint: SSLSessionCache]
[Fri Sep 19 11:41:29.495602 2025] [:notice] [pid 98424] FastCGI: process manager initialized (pid 98424)
[Fri Sep 19 11:41:29.496868 2025] [mpm_prefork:notice] [pid 98410] AH00163: Apache/2.4.65 (Unix) OpenSSL/3.5.2 PHP/8.4.12 mod_fastcgi/mod_fastcgi-SNAP-0910052141 configured -- resuming normal operations
[Fri Sep 19 11:41:29.496883 2025] [core:notice] [pid 98410] AH00094: Command line: '/opt/homebrew/opt/httpd/bin/httpd -f /Users/safarislava/Documents/web/Lab1/httpd.conf'
